This is pdfTeX, Version 3.141592653-2.6-1.40.27 (TeX Live 2025) (preloaded format=pdflatex 2025.3.8)  13 JUL 2025 14:29
entering extended mode
 restricted \write18 enabled.
 file:line:error style messages enabled.
 %&-line parsing enabled.
**main.tex
(./main.tex
LaTeX2e <2024-11-01> patch level 2
L3 programming layer <2025-01-18>
(/usr/local/texlive/2025/texmf-dist/tex/latex/base/article.cls
Document Class: article 2024/06/29 v1.4n Standard LaTeX document class
(/usr/local/texlive/2025/texmf-dist/tex/latex/base/size11.clo
File: size11.clo 2024/06/29 v1.4n Standard LaTeX file (size option)
)
\c@part=\count196
\c@section=\count197
\c@subsection=\count198
\c@subsubsection=\count199
\c@paragraph=\count266
\c@subparagraph=\count267
\c@figure=\count268
\c@table=\count269
\abovecaptionskip=\skip49
\belowcaptionskip=\skip50
\bibindent=\dimen141
) (/usr/local/texlive/2025/texmf-dist/tex/generic/ulem/ulem.sty
\UL@box=\box52
\UL@hyphenbox=\box53
\UL@skip=\skip51
\UL@hook=\toks17
\UL@height=\dimen142
\UL@pe=\count270
\UL@pixel=\dimen143
\ULC@box=\box54
Package: ulem 2019/11/18
\ULdepth=\dimen144
) (/usr/local/texlive/2025/texmf-dist/tex/latex/geometry/geometry.sty
Package: geometry 2020/01/02 v5.9 Page Geometry
 (/usr/local/texlive/2025/texmf-dist/tex/latex/graphics/keyval.sty
Package: keyval 2022/05/29 v1.15 key=value parser (DPC)
\KV@toks@=\toks18
) (/usr/local/texlive/2025/texmf-dist/tex/generic/iftex/ifvtex.sty
Package: ifvtex 2019/10/25 v1.7 ifvtex legacy package. Use iftex instead.
 (/usr/local/texlive/2025/texmf-dist/tex/generic/iftex/iftex.sty
Package: iftex 2024/12/12 v1.0g TeX engine tests
))
\Gm@cnth=\count271
\Gm@cntv=\count272
\c@Gm@tempcnt=\count273
\Gm@bindingoffset=\dimen145
\Gm@wd@mp=\dimen146
\Gm@odd@mp=\dimen147
\Gm@even@mp=\dimen148
\Gm@layoutwidth=\dimen149
\Gm@layoutheight=\dimen150
\Gm@layouthoffset=\dimen151
\Gm@layoutvoffset=\dimen152
\Gm@dimlist=\toks19
) (/usr/local/texlive/2025/texmf-dist/tex/latex/graphics/graphicx.sty
Package: graphicx 2021/09/16 v1.2d Enhanced LaTeX Graphics (DPC,SPQR)
 (/usr/local/texlive/2025/texmf-dist/tex/latex/graphics/graphics.sty
Package: graphics 2024/08/06 v1.4g Standard LaTeX Graphics (DPC,SPQR)
 (/usr/local/texlive/2025/texmf-dist/tex/latex/graphics/trig.sty
Package: trig 2023/12/02 v1.11 sin cos tan (DPC)
) (/usr/local/texlive/2025/texmf-dist/tex/latex/graphics-cfg/graphics.cfg
File: graphics.cfg 2016/06/04 v1.11 sample graphics configuration
)
Package graphics Info: Driver file: pdftex.def on input line 106.
 (/usr/local/texlive/2025/texmf-dist/tex/latex/graphics-def/pdftex.def
File: pdftex.def 2024/04/13 v1.2c Graphics/color driver for pdftex
))
\Gin@req@height=\dimen153
\Gin@req@width=\dimen154
) (/usr/local/texlive/2025/texmf-dist/tex/latex/amsmath/amsmath.sty
Package: amsmath 2024/11/05 v2.17t AMS math features
\@mathmargin=\skip52

For additional information on amsmath, use the `?' option.
(/usr/local/texlive/2025/texmf-dist/tex/latex/amsmath/amstext.sty
Package: amstext 2021/08/26 v2.01 AMS text
 (/usr/local/texlive/2025/texmf-dist/tex/latex/amsmath/amsgen.sty
File: amsgen.sty 1999/11/30 v2.0 generic functions
\@emptytoks=\toks20
\ex@=\dimen155
)) (/usr/local/texlive/2025/texmf-dist/tex/latex/amsmath/amsbsy.sty
Package: amsbsy 1999/11/29 v1.2d Bold Symbols
\pmbraise@=\dimen156
) (/usr/local/texlive/2025/texmf-dist/tex/latex/amsmath/amsopn.sty
Package: amsopn 2022/04/08 v2.04 operator names
)
\inf@bad=\count274
LaTeX Info: Redefining \frac on input line 233.
\uproot@=\count275
\leftroot@=\count276
LaTeX Info: Redefining \overline on input line 398.
LaTeX Info: Redefining \colon on input line 409.
\classnum@=\count277
\DOTSCASE@=\count278
LaTeX Info: Redefining \ldots on input line 495.
LaTeX Info: Redefining \dots on input line 498.
LaTeX Info: Redefining \cdots on input line 619.
\Mathstrutbox@=\box55
\strutbox@=\box56
LaTeX Info: Redefining \big on input line 721.
LaTeX Info: Redefining \Big on input line 722.
LaTeX Info: Redefining \bigg on input line 723.
LaTeX Info: Redefining \Bigg on input line 724.
\big@size=\dimen157
LaTeX Font Info:    Redeclaring font encoding OML on input line 742.
LaTeX Font Info:    Redeclaring font encoding OMS on input line 743.
\macc@depth=\count279
LaTeX Info: Redefining \bmod on input line 904.
LaTeX Info: Redefining \pmod on input line 909.
LaTeX Info: Redefining \smash on input line 939.
LaTeX Info: Redefining \relbar on input line 969.
LaTeX Info: Redefining \Relbar on input line 970.
\c@MaxMatrixCols=\count280
\dotsspace@=\muskip17
\c@parentequation=\count281
\dspbrk@lvl=\count282
\tag@help=\toks21
\row@=\count283
\column@=\count284
\maxfields@=\count285
\andhelp@=\toks22
\eqnshift@=\dimen158
\alignsep@=\dimen159
\tagshift@=\dimen160
\tagwidth@=\dimen161
\totwidth@=\dimen162
\lineht@=\dimen163
\@envbody=\toks23
\multlinegap=\skip53
\multlinetaggap=\skip54
\mathdisplay@stack=\toks24
LaTeX Info: Redefining \[ on input line 2953.
LaTeX Info: Redefining \] on input line 2954.
) (/usr/local/texlive/2025/texmf-dist/tex/latex/amsfonts/amssymb.sty
Package: amssymb 2013/01/14 v3.01 AMS font symbols
 (/usr/local/texlive/2025/texmf-dist/tex/latex/amsfonts/amsfonts.sty
Package: amsfonts 2013/01/14 v3.01 Basic AMSFonts support
\symAMSa=\mathgroup4
\symAMSb=\mathgroup5
LaTeX Font Info:    Redeclaring math symbol \hbar on input line 98.
LaTeX Font Info:    Overwriting math alphabet `\mathfrak' in version `bold'
(Font)                  U/euf/m/n --> U/euf/b/n on input line 106.
)) (/usr/local/texlive/2025/texmf-dist/tex/latex/amscls/amsthm.sty
Package: amsthm 2020/05/29 v2.20.6
\thm@style=\toks25
\thm@bodyfont=\toks26
\thm@headfont=\toks27
\thm@notefont=\toks28
\thm@headpunct=\toks29
\thm@preskip=\skip55
\thm@postskip=\skip56
\thm@headsep=\skip57
\dth@everypar=\toks30
) (./custom.sty
Package: custom 
 (/usr/local/texlive/2025/texmf-dist/tex/latex/l3kernel/expl3.sty
Package: expl3 2025-01-18 L3 programming layer (loader) 
 (/usr/local/texlive/2025/texmf-dist/tex/latex/l3backend/l3backend-pdftex.def
File: l3backend-pdftex.def 2024-05-08 L3 backend support: PDF output (pdfTeX)
\l__color_backend_stack_int=\count286
\l__pdf_internal_box=\box57
)) (/usr/local/texlive/2025/texmf-dist/tex/latex/l3packages/xparse/xparse.sty
Package: xparse 2024-08-16 L3 Experimental document command parser
) (/usr/local/texlive/2025/texmf-dist/tex/latex/mathtools/mathtools.sty
Package: mathtools 2024/10/04 v1.31 mathematical typesetting tools
 (/usr/local/texlive/2025/texmf-dist/tex/latex/tools/calc.sty
Package: calc 2023/07/08 v4.3 Infix arithmetic (KKT,FJ)
\calc@Acount=\count287
\calc@Bcount=\count288
\calc@Adimen=\dimen164
\calc@Bdimen=\dimen165
\calc@Askip=\skip58
\calc@Bskip=\skip59
LaTeX Info: Redefining \setlength on input line 80.
LaTeX Info: Redefining \addtolength on input line 81.
\calc@Ccount=\count289
\calc@Cskip=\skip60
) (/usr/local/texlive/2025/texmf-dist/tex/latex/mathtools/mhsetup.sty
Package: mhsetup 2021/03/18 v1.4 programming setup (MH)
)
\g_MT_multlinerow_int=\count290
\l_MT_multwidth_dim=\dimen166
\origjot=\skip61
\l_MT_shortvdotswithinadjustabove_dim=\dimen167
\l_MT_shortvdotswithinadjustbelow_dim=\dimen168
\l_MT_above_intertext_sep=\dimen169
\l_MT_below_intertext_sep=\dimen170
\l_MT_above_shortintertext_sep=\dimen171
\l_MT_below_shortintertext_sep=\dimen172
\xmathstrut@box=\box58
\xmathstrut@dim=\dimen173
) (/usr/local/texlive/2025/texmf-dist/tex/generic/babel/babel.sty
Package: babel 2025/02/14 v25.4 The multilingual framework for pdfLaTeX, LuaLaTeX and XeLaTeX
\babel@savecnt=\count291
\U@D=\dimen174
\l@unhyphenated=\language90
 (/usr/local/texlive/2025/texmf-dist/tex/generic/babel/txtbabel.def)
\bbl@readstream=\read2
\bbl@dirlevel=\count292
 (/usr/local/texlive/2025/texmf-dist/tex/generic/babel-english/american.ldf
Language: american 2017/06/06 v3.3r English support from the babel system
 (/usr/local/texlive/2025/texmf-dist/tex/generic/babel-english/english.ldf
Language: english 2017/06/06 v3.3r English support from the babel system
Package babel Info: Hyphen rules for 'canadian' set to \l@english
(babel)             (\language0). Reported on input line 102.
Package babel Info: Hyphen rules for 'australian' set to \l@ukenglish
(babel)             (\language22). Reported on input line 105.
Package babel Info: Hyphen rules for 'newzealand' set to \l@ukenglish
(babel)             (\language22). Reported on input line 108.
))) (/usr/local/texlive/2025/texmf-dist/tex/generic/babel/locale/en/babel-american.tex
Package babel Info: Importing font and identification data for american
(babel)             from babel-en-US.ini. Reported on input line 11.
) (/usr/local/texlive/2025/texmf-dist/tex/latex/microtype/microtype.sty
Package: microtype 2025/02/11 v3.2a Micro-typographical refinements (RS)
 (/usr/local/texlive/2025/texmf-dist/tex/latex/etoolbox/etoolbox.sty
Package: etoolbox 2025/02/11 v2.5l e-TeX tools for LaTeX (JAW)
\etb@tempcnta=\count293
)
\MT@toks=\toks31
\MT@tempbox=\box59
\MT@count=\count294
LaTeX Info: Redefining \noprotrusionifhmode on input line 1087.
LaTeX Info: Redefining \leftprotrusion on input line 1088.
\MT@prot@toks=\toks32
LaTeX Info: Redefining \rightprotrusion on input line 1107.
LaTeX Info: Redefining \textls on input line 1449.
\MT@outer@kern=\dimen175
LaTeX Info: Redefining \microtypecontext on input line 2053.
LaTeX Info: Redefining \textmicrotypecontext on input line 2070.
\MT@listname@count=\count295
 (/usr/local/texlive/2025/texmf-dist/tex/latex/microtype/microtype-pdftex.def
File: microtype-pdftex.def 2025/02/11 v3.2a Definitions specific to pdftex (RS)
LaTeX Info: Redefining \lsstyle on input line 944.
LaTeX Info: Redefining \lslig on input line 944.
\MT@outer@space=\skip62
)
Package microtype Info: Loading configuration file microtype.cfg.
 (/usr/local/texlive/2025/texmf-dist/tex/latex/microtype/microtype.cfg
File: microtype.cfg 2025/02/11 v3.2a microtype main configuration file (RS)
)
LaTeX Info: Redefining \microtypesetup on input line 3065.
) (/usr/local/texlive/2025/texmf-dist/tex/latex/tensor/tensor.sty
Package: tensor 2023/07/18 v2.2 tensor indices package (PGR)
\tnsr@Sps=\toks33
\tnsr@Sbs=\toks34
\tnsr@Spe=\toks35
\tnsr@Sbe=\toks36
\ncld@Mno=\toks37
) (/usr/local/texlive/2025/texmf-dist/tex/latex/units/units.sty
Package: units 1998/08/04 v0.9b Typesetting units
 (/usr/local/texlive/2025/texmf-dist/tex/latex/base/ifthen.sty
Package: ifthen 2024/03/16 v1.1e Standard LaTeX ifthen package (DPC)
) (/usr/local/texlive/2025/texmf-dist/tex/latex/units/nicefrac.sty
Package: nicefrac 1998/08/04 v0.9b Nice fractions
\L@UnitsRaiseDisplaystyle=\skip63
\L@UnitsRaiseTextstyle=\skip64
\L@UnitsRaiseScriptstyle=\skip65
)) (/usr/local/texlive/2025/texmf-dist/tex/latex/enumitem/enumitem.sty
Package: enumitem 2025/02/06 v3.11 Customized lists
\labelindent=\skip66
\enit@outerparindent=\dimen176
\enit@toks=\toks38
\enit@inbox=\box60
\enit@count@id=\count296
\enitdp@description=\count297
) (/usr/local/texlive/2025/texmf-dist/tex/latex/carlisle/slashed.sty
Package: slashed 1997/01/16 v0.01 Feynman Slashed Character Notation (DPC)
)
(/usr/local/texlive/2025/texmf-dist/tex/latex/bbm-macros/bbm.sty
Package: bbm 1999/03/15 V 1.2 provides fonts for set symbols - TH
LaTeX Font Info:    Overwriting math alphabet `\mathbbm' in version `bold'
(Font)                  U/bbm/m/n --> U/bbm/bx/n on input line 33.
LaTeX Font Info:    Overwriting math alphabet `\mathbbmss' in version `bold'
(Font)                  U/bbmss/m/n --> U/bbmss/bx/n on input line 35.
) (/usr/local/texlive/2025/texmf-dist/tex/latex/anyfontsize/anyfontsize.sty
Package: anyfontsize 2007/11/22 anyfontsize.sty by pts
)
\c@subparti=\count298
\enitdp@subpart=\count299
 (/usr/local/texlive/2025/texmf-dist/tex/latex/silence/silence.sty
Package: silence 2012/07/02 v1.5b Selective filtering of warnings and error messages
\sl@Save=\count300
\sl@StateNumber=\count301
\sl@MessageCount=\count302
\sl@Casualties=\count303
\sl@Filter=\toks39
\sl@Message=\toks40
\sl@UnexpandedMessage=\toks41
\sl@Mess@ge=\toks42
\sl@WarningCount=\count304
\sl@WarningNumber=\count305
\sl@WarningCasualties=\count306
\sl@TempBOW=\toks43
\sl@BankOfWarnings=\toks44
LaTeX Info: Redefining \GenericWarning on input line 433.
\sl@ErrorCount=\count307
\sl@ErrorNumber=\count308
\sl@ErrorCasualties=\count309
\sl@TempBOE=\toks45
\sl@BankOfErrors=\toks46
LaTeX Info: Redefining \GenericError on input line 601.
) (/usr/local/texlive/2025/texmf-dist/tex/latex/sectsty/sectsty.sty
Package: sectsty 2002/02/25 v2.0.2 Commands to change all sectional heading styles
) (/usr/local/texlive/2025/texmf-dist/tex/latex/xcolor/xcolor.sty
Package: xcolor 2024/09/29 v3.02 LaTeX color extensions (UK)
 (/usr/local/texlive/2025/texmf-dist/tex/latex/graphics-cfg/color.cfg
File: color.cfg 2016/01/02 v1.6 sample color configuration
)
Package xcolor Info: Driver file: pdftex.def on input line 274.
 (/usr/local/texlive/2025/texmf-dist/tex/latex/graphics/mathcolor.ltx)
Package xcolor Info: Model `cmy' substituted by `cmy0' on input line 1349.
Package xcolor Info: Model `hsb' substituted by `rgb' on input line 1353.
Package xcolor Info: Model `RGB' extended on input line 1365.
Package xcolor Info: Model `HTML' substituted by `rgb' on input line 1367.
Package xcolor Info: Model `Hsb' substituted by `hsb' on input line 1368.
Package xcolor Info: Model `tHsb' substituted by `hsb' on input line 1369.
Package xcolor Info: Model `HSB' substituted by `hsb' on input line 1370.
Package xcolor Info: Model `Gray' substituted by `gray' on input line 1371.
Package xcolor Info: Model `wave' substituted by `hsb' on input line 1372.
) (/usr/local/texlive/2025/texmf-dist/tex/latex/hyperref/hyperref.sty
Package: hyperref 2024-11-05 v7.01l Hypertext links for LaTeX
 (/usr/local/texlive/2025/texmf-dist/tex/latex/kvsetkeys/kvsetkeys.sty
Package: kvsetkeys 2022-10-05 v1.19 Key value parser (HO)
) (/usr/local/texlive/2025/texmf-dist/tex/generic/kvdefinekeys/kvdefinekeys.sty
Package: kvdefinekeys 2019-12-19 v1.6 Define keys (HO)
) (/usr/local/texlive/2025/texmf-dist/tex/generic/pdfescape/pdfescape.sty
Package: pdfescape 2019/12/09 v1.15 Implements pdfTeX's escape features (HO)
 (/usr/local/texlive/2025/texmf-dist/tex/generic/ltxcmds/ltxcmds.sty
Package: ltxcmds 2023-12-04 v1.26 LaTeX kernel commands for general use (HO)
) (/usr/local/texlive/2025/texmf-dist/tex/generic/pdftexcmds/pdftexcmds.sty
Package: pdftexcmds 2020-06-27 v0.33 Utility functions of pdfTeX for LuaTeX (HO)
 (/usr/local/texlive/2025/texmf-dist/tex/generic/infwarerr/infwarerr.sty
Package: infwarerr 2019/12/03 v1.5 Providing info/warning/error messages (HO)
)
Package pdftexcmds Info: \pdf@primitive is available.
Package pdftexcmds Info: \pdf@ifprimitive is available.
Package pdftexcmds Info: \pdfdraftmode found.
)) (/usr/local/texlive/2025/texmf-dist/tex/latex/hycolor/hycolor.sty
Package: hycolor 2020-01-27 v1.10 Color options for hyperref/bookmark (HO)
) (/usr/local/texlive/2025/texmf-dist/tex/latex/hyperref/nameref.sty
Package: nameref 2023-11-26 v2.56 Cross-referencing by name of section
 (/usr/local/texlive/2025/texmf-dist/tex/latex/refcount/refcount.sty
Package: refcount 2019/12/15 v3.6 Data extraction from label references (HO)
) (/usr/local/texlive/2025/texmf-dist/tex/generic/gettitlestring/gettitlestring.sty
Package: gettitlestring 2019/12/15 v1.6 Cleanup title references (HO)
 (/usr/local/texlive/2025/texmf-dist/tex/latex/kvoptions/kvoptions.sty
Package: kvoptions 2022-06-15 v3.15 Key value format for package options (HO)
))
\c@section@level=\count310
) (/usr/local/texlive/2025/texmf-dist/tex/generic/stringenc/stringenc.sty
Package: stringenc 2019/11/29 v1.12 Convert strings between diff. encodings (HO)
)
\@linkdim=\dimen177
\Hy@linkcounter=\count311
\Hy@pagecounter=\count312
 (/usr/local/texlive/2025/texmf-dist/tex/latex/hyperref/pd1enc.def
File: pd1enc.def 2024-11-05 v7.01l Hyperref: PDFDocEncoding definition (HO)
Now handling font encoding PD1 ...
... no UTF-8 mapping file for font encoding PD1
) (/usr/local/texlive/2025/texmf-dist/tex/generic/intcalc/intcalc.sty
Package: intcalc 2019/12/15 v1.3 Expandable calculations with integers (HO)
)
\Hy@SavedSpaceFactor=\count313
 (/usr/local/texlive/2025/texmf-dist/tex/latex/hyperref/puenc.def
File: puenc.def 2024-11-05 v7.01l Hyperref: PDF Unicode definition (HO)
Now handling font encoding PU ...
... no UTF-8 mapping file for font encoding PU
)
Package hyperref Info: Hyper figures OFF on input line 4157.
Package hyperref Info: Link nesting OFF on input line 4162.
Package hyperref Info: Hyper index ON on input line 4165.
Package hyperref Info: Plain pages OFF on input line 4172.
Package hyperref Info: Backreferencing OFF on input line 4177.
Package hyperref Info: Implicit mode ON; LaTeX internals redefined.
Package hyperref Info: Bookmarks ON on input line 4424.
\c@Hy@tempcnt=\count314
 (/usr/local/texlive/2025/texmf-dist/tex/latex/url/url.sty
\Urlmuskip=\muskip18
Package: url 2013/09/16  ver 3.4  Verb mode for urls, etc.
)
LaTeX Info: Redefining \url on input line 4763.
\XeTeXLinkMargin=\dimen178
 (/usr/local/texlive/2025/texmf-dist/tex/generic/bitset/bitset.sty
Package: bitset 2019/12/09 v1.3 Handle bit-vector datatype (HO)
 (/usr/local/texlive/2025/texmf-dist/tex/generic/bigintcalc/bigintcalc.sty
Package: bigintcalc 2019/12/15 v1.5 Expandable calculations on big integers (HO)
))
\Fld@menulength=\count315
\Field@Width=\dimen179
\Fld@charsize=\dimen180
Package hyperref Info: Hyper figures OFF on input line 6042.
Package hyperref Info: Link nesting OFF on input line 6047.
Package hyperref Info: Hyper index ON on input line 6050.
Package hyperref Info: backreferencing OFF on input line 6057.
Package hyperref Info: Link coloring OFF on input line 6062.
Package hyperref Info: Link coloring with OCG OFF on input line 6067.
Package hyperref Info: PDF/A mode OFF on input line 6072.
 (/usr/local/texlive/2025/texmf-dist/tex/latex/base/atbegshi-ltx.sty
Package: atbegshi-ltx 2021/01/10 v1.0c Emulation of the original atbegshi
package with kernel methods
)
\Hy@abspage=\count316
\c@Item=\count317
\c@Hfootnote=\count318
)
Package hyperref Info: Driver (autodetected): hpdftex.
 (/usr/local/texlive/2025/texmf-dist/tex/latex/hyperref/hpdftex.def
File: hpdftex.def 2024-11-05 v7.01l Hyperref driver for pdfTeX

(/usr/local/texlive/2025/texmf-dist/tex/latex/base/atveryend-ltx.sty
Package: atveryend-ltx 2020/08/19 v1.0a Emulation of the original atveryend package
with kernel methods
)
\Fld@listcount=\count319
\c@bookmark@seq@number=\count320
 (/usr/local/texlive/2025/texmf-dist/tex/latex/rerunfilecheck/rerunfilecheck.sty
Package: rerunfilecheck 2022-07-10 v1.10 Rerun checks for auxiliary files (HO)
 (/usr/local/texlive/2025/texmf-dist/tex/generic/uniquecounter/uniquecounter.sty
Package: uniquecounter 2019/12/15 v1.4 Provide unlimited unique counter (HO)
)
Package uniquecounter Info: New unique counter `rerunfilecheck' on input line 285.
)
\Hy@SectionHShift=\skip67
)
Package hyperref Info: Option `colorlinks' set `true' on input line 58.
 (/usr/local/texlive/2025/texmf-dist/tex/latex/tools/bm.sty
Package: bm 2023/12/19 v1.2f Bold Symbol Support (DPC/FMi)
\symboldoperators=\mathgroup6
\symboldletters=\mathgroup7
\symboldsymbols=\mathgroup8
Package bm Info: No bold for \OMX/cmex/m/n, using \pmb.
Package bm Info: No bold for \U/msa/m/n, using \pmb.
Package bm Info: No bold for \U/msb/m/n, using \pmb.
LaTeX Font Info:    Redeclaring math alphabet \mathbf on input line 149.
)
\foobox=\box61
\@brx=\box62
 (/usr/local/texlive/2025/texmf-dist/tex/latex/tools/xspace.sty
Package: xspace 2014/10/28 v1.13 Space after command names (DPC,MH)
)) (/usr/local/texlive/2025/texmf-dist/tex/latex/lipsum/lipsum.sty (/usr/local/texlive/2025/texmf-dist/tex/latex/l3packages/l3keys2e/l3keys2e.sty
Package: l3keys2e 2024-08-16 LaTeX2e option processing using LaTeX3 keys
)
Package: lipsum 2021-09-20 v2.7 150 paragraphs of Lorem Ipsum dummy text
\g__lipsum_par_int=\count321
\l__lipsum_a_int=\count322
\l__lipsum_b_int=\count323
 (/usr/local/texlive/2025/texmf-dist/tex/latex/lipsum/lipsum.ltd.tex)) (/usr/local/texlive/2025/texmf-dist/tex/latex/fancyhdr/fancyhdr.sty
Package: fancyhdr 2025/02/07 v5.2 Extensive control of page headers and footers
\f@nch@headwidth=\skip68
\f@nch@offset@elh=\skip69
\f@nch@offset@erh=\skip70
\f@nch@offset@olh=\skip71
\f@nch@offset@orh=\skip72
\f@nch@offset@elf=\skip73
\f@nch@offset@erf=\skip74
\f@nch@offset@olf=\skip75
\f@nch@offset@orf=\skip76
\f@nch@height=\skip77
\f@nch@footalignment=\skip78
\f@nch@widthL=\skip79
\f@nch@widthC=\skip80
\f@nch@widthR=\skip81
\@temptokenb=\toks47
) (/usr/local/texlive/2025/texmf-dist/tex/latex/import/import.sty
Package: import 2020/04/01  v 6.2
) (/usr/local/texlive/2025/texmf-dist/tex/latex/pdfpages/pdfpages.sty
Package: pdfpages 2025/01/30 v0.6e Insert pages of external PDF documents (AM)
 (/usr/local/texlive/2025/texmf-dist/tex/latex/eso-pic/eso-pic.sty
Package: eso-pic 2023/05/03 v3.0c eso-pic (RN)
\ESO@tempdima=\dimen181
\ESO@tempdimb=\dimen182
)
\AM@pagewidth=\dimen183
\AM@pageheight=\dimen184
\AM@fboxrule=\dimen185
 (/usr/local/texlive/2025/texmf-dist/tex/latex/pdfpages/pppdftex.def
File: pppdftex.def 2025/01/30 v0.6e Pdfpages driver for pdfTeX (AM)
)
\pdfpages@includegraphics@status=\count324
\AM@pagebox=\box63
\AM@global@opts=\toks48
\AM@pagecnt=\count325
\AM@toc@title=\toks49
\AM@lof@heading=\toks50
\c@AM@survey=\count326
\AM@templatesizebox=\box64
) (/usr/local/texlive/2025/texmf-dist/tex/latex/transparent/transparent.sty
Package: transparent 2022-10-27 v1.5 Transparency with color stacks
 (/usr/local/texlive/2025/texmf-dist/tex/latex/transparent/transparent-nometadata.sty
Package: transparent-nometadata 2022-10-27 v1.5 Transparency via pdfTeX's color stack (HO)
 (/usr/local/texlive/2025/texmf-dist/tex/latex/auxhook/auxhook.sty
Package: auxhook 2019-12-17 v1.6 Hooks for auxiliary files (HO)
))) (./main.aux)
\openout1 = `main.aux'.

LaTeX Font Info:    Checking defaults for OML/cmm/m/it on input line 43.
LaTeX Font Info:    ... okay on input line 43.
LaTeX Font Info:    Checking defaults for OMS/cmsy/m/n on input line 43.
LaTeX Font Info:    ... okay on input line 43.
LaTeX Font Info:    Checking defaults for OT1/cmr/m/n on input line 43.
LaTeX Font Info:    ... okay on input line 43.
LaTeX Font Info:    Checking defaults for T1/cmr/m/n on input line 43.
LaTeX Font Info:    ... okay on input line 43.
LaTeX Font Info:    Checking defaults for TS1/cmr/m/n on input line 43.
LaTeX Font Info:    ... okay on input line 43.
LaTeX Font Info:    Checking defaults for OMX/cmex/m/n on input line 43.
LaTeX Font Info:    ... okay on input line 43.
LaTeX Font Info:    Checking defaults for U/cmr/m/n on input line 43.
LaTeX Font Info:    ... okay on input line 43.
LaTeX Font Info:    Checking defaults for PD1/pdf/m/n on input line 43.
LaTeX Font Info:    ... okay on input line 43.
LaTeX Font Info:    Checking defaults for PU/pdf/m/n on input line 43.
LaTeX Font Info:    ... okay on input line 43.

*geometry* driver: auto-detecting
*geometry* detected driver: pdftex
*geometry* verbose mode - [ preamble ] result:
* driver: pdftex
* paper: <default>
* layout: <same size as paper>
* layoutoffset:(h,v)=(0.0pt,0.0pt)
* modes: 
* h-part:(L,W,R)=(72.26999pt, 469.75502pt, 72.26999pt)
* v-part:(T,H,B)=(72.26999pt, 650.43001pt, 72.26999pt)
* \paperwidth=614.295pt
* \paperheight=794.96999pt
* \textwidth=469.75502pt
* \textheight=650.43001pt
* \oddsidemargin=0.0pt
* \evensidemargin=0.0pt
* \topmargin=-37.0pt
* \headheight=14.0pt
* \headsep=25.0pt
* \topskip=11.0pt
* \footskip=30.0pt
* \marginparwidth=59.0pt
* \marginparsep=10.0pt
* \columnsep=10.0pt
* \skip\footins=10.0pt plus 4.0pt minus 2.0pt
* \hoffset=0.0pt
* \voffset=0.0pt
* \mag=1000
* \@twocolumnfalse
* \@twosidefalse
* \@mparswitchfalse
* \@reversemarginfalse
* (1in=72.27pt=25.4mm, 1cm=28.453pt)

(/usr/local/texlive/2025/texmf-dist/tex/context/base/mkii/supp-pdf.mkii
[Loading MPS to PDF converter (version 2006.09.02).]
\scratchcounter=\count327
\scratchdimen=\dimen186
\scratchbox=\box65
\nofMPsegments=\count328
\nofMParguments=\count329
\everyMPshowfont=\toks51
\MPscratchCnt=\count330
\MPscratchDim=\dimen187
\MPnumerator=\count331
\makeMPintoPDFobject=\count332
\everyMPtoPDFconversion=\toks52
) (/usr/local/texlive/2025/texmf-dist/tex/latex/epstopdf-pkg/epstopdf-base.sty
Package: epstopdf-base 2020-01-24 v2.11 Base part for package epstopdf
Package epstopdf-base Info: Redefining graphics rule for `.eps' on input line 485.
 (/usr/local/texlive/2025/texmf-dist/tex/latex/latexconfig/epstopdf-sys.cfg
File: epstopdf-sys.cfg 2010/07/13 v1.3 Configuration of (r)epstopdf for TeX Live
))
LaTeX Info: Redefining \microtypecontext on input line 43.
Package microtype Info: Applying patch `item' on input line 43.
Package microtype Info: Applying patch `toc' on input line 43.
Package microtype Info: Applying patch `eqnum' on input line 43.
Package microtype Info: Applying patch `footnote' on input line 43.
Package microtype Info: Applying patch `verbatim' on input line 43.
LaTeX Info: Redefining \microtypesetup on input line 43.
Package microtype Info: Generating PDF output.
Package microtype Info: Character protrusion enabled (level 2),
(microtype)             factor: 1100.
Package microtype Info: Using default protrusion set `alltext'.
Package microtype Info: Automatic font expansion enabled (level 2),
(microtype)             stretch: 10, shrink: 10, step: 1, non-selected.
Package microtype Info: Using default expansion set `alltext-nott'.
LaTeX Info: Redefining \showhyphens on input line 43.
Package microtype Info: Tracking enabled.
Package microtype Info: Using default tracking set `smallcaps'.
Package microtype Info: Adjustment of interword spacing enabled.
Package microtype Info: Using default spacing set `alltext-nott'.
Package microtype Info: Adjustment of character kerning enabled.
Package microtype Info: Using default kerning set `alltext'.
 (/usr/local/texlive/2025/texmf-dist/tex/latex/microtype/mt-cmr.cfg
File: mt-cmr.cfg 2013/05/19 v2.2 microtype config. file: Computer Modern Roman (RS)
)
Package hyperref Info: Link coloring ON on input line 43.
 (./main.out) (./main.out)
\@outlinefile=\write3
\openout3 = `main.out'.

 (/usr/local/texlive/2025/texmf-dist/tex/latex/pdflscape/pdflscape.sty
Package: pdflscape 2022-10-27 v0.13 Display of landscape pages in PDF
 (/usr/local/texlive/2025/texmf-dist/tex/latex/pdflscape/pdflscape-nometadata.sty
Package: pdflscape-nometadata 2022-10-28 v0.13 Display of landscape pages in PDF (HO)
 (/usr/local/texlive/2025/texmf-dist/tex/latex/graphics/lscape.sty
Package: lscape 2020/05/28 v3.02 Landscape Pages (DPC)
)
Package pdflscape Info: Auto-detected driver: pdftex on input line 81.
))
Package microtype Info: Loading generic protrusion settings for font family
(microtype)             `cmss' (encoding: OT1).
(microtype)             For optimal results, create family-specific settings.
(microtype)             See the microtype manual for details.
LaTeX Font Info:    Trying to load font information for U+msa on input line 52.
 (/usr/local/texlive/2025/texmf-dist/tex/latex/amsfonts/umsa.fd
File: umsa.fd 2013/01/14 v3.01 AMS symbols A
) (/usr/local/texlive/2025/texmf-dist/tex/latex/microtype/mt-msa.cfg
File: mt-msa.cfg 2006/02/04 v1.1 microtype config. file: AMS symbols (a) (RS)
)
LaTeX Font Info:    Trying to load font information for U+msb on input line 52.
 (/usr/local/texlive/2025/texmf-dist/tex/latex/amsfonts/umsb.fd
File: umsb.fd 2013/01/14 v3.01 AMS symbols B
) (/usr/local/texlive/2025/texmf-dist/tex/latex/microtype/mt-msb.cfg
File: mt-msb.cfg 2005/06/01 v1.0 microtype config. file: AMS symbols (b) (RS)
)
Package microtype Info: Loading generic protrusion settings for font family
(microtype)             `cmtt' (encoding: OT1).
(microtype)             For optimal results, create family-specific settings.
(microtype)             See the microtype manual for details.


[1

{/usr/local/texlive/2025/texmf-var/fonts/map/pdftex/updmap/pdftex.map}] (./main.toc)
\tf@toc=\write4
\openout4 = `main.toc'.



[2] (./figures/cylinder.pdf_tex
<./figures/cylinder.pdf, id=79, page=1, 682.86612pt x 170.71654pt>
File: ./figures/cylinder.pdf Graphic file (type pdf)
<use ./figures/cylinder.pdf, page 1>
Package pdftex.def Info: ./figures/cylinder.pdf , page1 used on input line 56.
(pdftex.def)             Requested size: 469.75502pt x 117.44026pt.
) (./figures/flowingmatter.pdf_tex
<./figures/flowingmatter.pdf, id=80, page=1, 682.86612pt x 214.27478pt>
File: ./figures/flowingmatter.pdf Graphic file (type pdf)
<use ./figures/flowingmatter.pdf, page 1>
Package pdftex.def Info: ./figures/flowingmatter.pdf , page1 used on input line 56.
(pdftex.def)             Requested size: 469.75502pt x 147.40509pt.
)

[3 <./figures/cylinder.pdf>]

[4 <./figures/flowingmatter.pdf>] (./figures/sphericalsurface.pdf_tex
<./figures/sphericalsurface.pdf, id=118, page=1, 682.86612pt x 154.42165pt>
File: ./figures/sphericalsurface.pdf Graphic file (type pdf)
<use ./figures/sphericalsurface.pdf, page 1>
Package pdftex.def Info: ./figures/sphericalsurface.pdf , page1 used on input line 56.
(pdftex.def)             Requested size: 469.75502pt x 106.23058pt.
)

[5 <./figures/sphericalsurface.pdf>] (./figures/sphericalshells.pdf_tex
<./figures/sphericalshells.pdf, id=143, page=1, 682.86612pt x 185.15062pt>
File: ./figures/sphericalshells.pdf Graphic file (type pdf)
<use ./figures/sphericalshells.pdf, page 1>
Package pdftex.def Info: ./figures/sphericalshells.pdf , page1 used on input line 56.
(pdftex.def)             Requested size: 469.75502pt x 127.36983pt.
<./figures/sphericalshells.pdf, id=144, page=2, 682.86612pt x 185.15062pt>
File: ./figures/sphericalshells.pdf Graphic file (type pdf)
<use ./figures/sphericalshells.pdf, page 2>
Package pdftex.def Info: ./figures/sphericalshells.pdf , page2 used on input line 58.
(pdftex.def)             Requested size: 469.75502pt x 127.36983pt.
)

[6 <./figures/sphericalshells.pdf> <./figures/sphericalshells.pdf>] (./figures/cuboidfaces.pdf_tex
<./figures/cuboidfaces.pdf, id=158, page=1, 682.86612pt x 200.38504pt>
File: ./figures/cuboidfaces.pdf Graphic file (type pdf)
<use ./figures/cuboidfaces.pdf, page 1>
Package pdftex.def Info: ./figures/cuboidfaces.pdf , page1 used on input line 56.
(pdftex.def)             Requested size: 469.75502pt x 137.84998pt.
)

[7 <./figures/cuboidfaces.pdf>]

[8] (./figures/polarcoordinatesystem.pdf_tex
<./figures/polarcoordinatesystem.pdf, id=205, page=1, 682.86612pt x 176.41911pt>
File: ./figures/polarcoordinatesystem.pdf Graphic file (type pdf)
<use ./figures/polarcoordinatesystem.pdf, page 1>
Package pdftex.def Info: ./figures/polarcoordinatesystem.pdf , page1 used on input line 56.
(pdftex.def)             Requested size: 469.75502pt x 121.3632pt.
<./figures/polarcoordinatesystem.pdf, id=206, page=2, 682.86612pt x 176.41911pt>
File: ./figures/polarcoordinatesystem.pdf Graphic file (type pdf)
<use ./figures/polarcoordinatesystem.pdf, page 2>
Package pdftex.def Info: ./figures/polarcoordinatesystem.pdf , page2 used on input line 65.
(pdftex.def)             Requested size: 469.75502pt x 121.3632pt.
)

[9 <./figures/polarcoordinatesystem.pdf> <./figures/polarcoordinatesystem.pdf>] (./figures/cylindricalcuboid.pdf_tex
<./figures/cylindricalcuboid.pdf, id=244, page=1, 682.86612pt x 230.147pt>
File: ./figures/cylindricalcuboid.pdf Graphic file (type pdf)
<use ./figures/cylindricalcuboid.pdf, page 1>
Package pdftex.def Info: ./figures/cylindricalcuboid.pdf , page1 used on input line 56.
(pdftex.def)             Requested size: 469.75502pt x 158.32399pt.
<./figures/cylindricalcuboid.pdf, id=245, page=2, 682.86612pt x 230.147pt>
File: ./figures/cylindricalcuboid.pdf Graphic file (type pdf)
<use ./figures/cylindricalcuboid.pdf, page 2>
Package pdftex.def Info: ./figures/cylindricalcuboid.pdf , page2 used on input line 60.
(pdftex.def)             Requested size: 469.75502pt x 158.32399pt.
<./figures/cylindricalcuboid.pdf, id=246, page=3, 682.86612pt x 230.147pt>
File: ./figures/cylindricalcuboid.pdf Graphic file (type pdf)
<use ./figures/cylindricalcuboid.pdf, page 3>
Package pdftex.def Info: ./figures/cylindricalcuboid.pdf , page3 used on input line 64.
(pdftex.def)             Requested size: 469.75502pt x 158.32399pt.
<./figures/cylindricalcuboid.pdf, id=247, page=4, 682.86612pt x 230.147pt>
File: ./figures/cylindricalcuboid.pdf Graphic file (type pdf)
<use ./figures/cylindricalcuboid.pdf, page 4>
Package pdftex.def Info: ./figures/cylindricalcuboid.pdf , page4 used on input line 67.
(pdftex.def)             Requested size: 469.75502pt x 158.32399pt.
)

[10 <./figures/cylindricalcuboid.pdf> <./figures/cylindricalcuboid.pdf> <./figures/cylindricalcuboid.pdf> <./figures/cylindricalcuboid.pdf>] (./figures/subvolumes.pdf_tex
<./figures/subvolumes.pdf, id=310, page=1, 682.86612pt x 174.97546pt>
File: ./figures/subvolumes.pdf Graphic file (type pdf)
<use ./figures/subvolumes.pdf, page 1>
Package pdftex.def Info: ./figures/subvolumes.pdf , page1 used on input line 56.
(pdftex.def)             Requested size: 469.75502pt x 120.37009pt.
<./figures/subvolumes.pdf, id=311, page=2, 682.86612pt x 174.97546pt>
File: ./figures/subvolumes.pdf Graphic file (type pdf)
<use ./figures/subvolumes.pdf, page 2>
Package pdftex.def Info: ./figures/subvolumes.pdf , page2 used on input line 62.
(pdftex.def)             Requested size: 469.75502pt x 120.37009pt.
)

[11]

[12 <./figures/subvolumes.pdf> <./figures/subvolumes.pdf>] (./figures/hemisphericalshell.pdf_tex
<./figures/hemisphericalshell.pdf, id=365, page=1, 682.86612pt x 202.49852pt>
File: ./figures/hemisphericalshell.pdf Graphic file (type pdf)
<use ./figures/hemisphericalshell.pdf, page 1>
Package pdftex.def Info: ./figures/hemisphericalshell.pdf , page1 used on input line 56.
(pdftex.def)             Requested size: 469.75502pt x 139.30388pt.
<./figures/hemisphericalshell.pdf, id=366, page=2, 682.86612pt x 202.49852pt>
File: ./figures/hemisphericalshell.pdf Graphic file (type pdf)
<use ./figures/hemisphericalshell.pdf, page 2>
Package pdftex.def Info: ./figures/hemisphericalshell.pdf , page2 used on input line 60.
(pdftex.def)             Requested size: 469.75502pt x 139.30388pt.
<./figures/hemisphericalshell.pdf, id=367, page=3, 682.86612pt x 202.49852pt>
File: ./figures/hemisphericalshell.pdf Graphic file (type pdf)
<use ./figures/hemisphericalshell.pdf, page 3>
Package pdftex.def Info: ./figures/hemisphericalshell.pdf , page3 used on input line 63.
(pdftex.def)             Requested size: 469.75502pt x 139.30388pt.
)

[13 <./figures/hemisphericalshell.pdf> <./figures/hemisphericalshell.pdf> <./figures/hemisphericalshell.pdf>] (./figures/movingstuff.pdf_tex
<./figures/movingstuff.pdf, id=395, page=1, 682.86612pt x 206.8713pt>
File: ./figures/movingstuff.pdf Graphic file (type pdf)
<use ./figures/movingstuff.pdf, page 1>
Package pdftex.def Info: ./figures/movingstuff.pdf , page1 used on input line 56.
(pdftex.def)             Requested size: 469.75502pt x 142.31204pt.
<./figures/movingstuff.pdf, id=396, page=2, 682.86612pt x 206.8713pt>
File: ./figures/movingstuff.pdf Graphic file (type pdf)
<use ./figures/movingstuff.pdf, page 2>
Package pdftex.def Info: ./figures/movingstuff.pdf , page2 used on input line 62.
(pdftex.def)             Requested size: 469.75502pt x 142.31204pt.
)

[14{/usr/local/texlive/2025/texmf-dist/fonts/enc/dvips/cm-super/cm-super-ts1.enc} <./figures/movingstuff.pdf> <./figures/movingstuff.pdf>]

[15] (./main.aux)
 ***********
LaTeX2e <2024-11-01> patch level 2
L3 programming layer <2025-01-18>
 ***********
Package rerunfilecheck Info: File `main.out' has not changed.
(rerunfilecheck)             Checksum: CBBCCF6BAD527F57776005D123BC60E0;2446.
 ) 
Here is how much of TeX's memory you used:
 17805 strings out of 473190
 292075 string characters out of 5715801
 845679 words of memory out of 5000000
 40523 multiletter control sequences out of 15000+600000
 574908 words of font info for 142 fonts, out of 8000000 for 9000
 1141 hyphenation exceptions out of 8191
 90i,18n,93p,1001b,499s stack positions out of 10000i,1000n,20000p,200000b,200000s
</usr/local/texlive/2025/texmf-dist/fonts/type1/public/amsfonts/cm/cmbx10.pfb></usr/local/texlive/2025/texmf-dist/fonts/type1/public/amsfonts/cm/cmbx8.pfb></usr/local/texlive/2025/texmf-dist/fonts/type1/public/amsfonts/cm/cmex10.pfb></usr/local/texlive/2025/texmf-dist/fonts/type1/public/amsfonts/cm/cmmi10.pfb></usr/local/texlive/2025/texmf-dist/fonts/type1/public/amsfonts/cm/cmmi6.pfb></usr/local/texlive/2025/texmf-dist/fonts/type1/public/amsfonts/cm/cmmi8.pfb></usr/local/texlive/2025/texmf-dist/fonts/type1/public/amsfonts/cm/cmr10.pfb></usr/local/texlive/2025/texmf-dist/fonts/type1/public/amsfonts/cm/cmr17.pfb></usr/local/texlive/2025/texmf-dist/fonts/type1/public/amsfonts/cm/cmr6.pfb></usr/local/texlive/2025/texmf-dist/fonts/type1/public/amsfonts/cm/cmr8.pfb></usr/local/texlive/2025/texmf-dist/fonts/type1/public/amsfonts/cm/cmss10.pfb></usr/local/texlive/2025/texmf-dist/fonts/type1/public/amsfonts/cm/cmssbx10.pfb></usr/local/texlive/2025/texmf-dist/fonts/type1/public/amsfonts/cm/cmsy10.pfb></usr/local/texlive/2025/texmf-dist/fonts/type1/public/amsfonts/cm/cmsy8.pfb></usr/local/texlive/2025/texmf-dist/fonts/type1/public/amsfonts/cm/cmti10.pfb></usr/local/texlive/2025/texmf-dist/fonts/type1/public/amsfonts/cm/cmtt12.pfb></usr/local/texlive/2025/texmf-dist/fonts/type1/public/cm-super/sfrm1095.pfb>
Output written on main.pdf (15 pages, 267927 bytes).
PDF statistics:
 540 PDF objects out of 1000 (max. 8388607)
 400 compressed objects within 4 object streams
 85 named destinations out of 1000 (max. 500000)
 45760 words of extra memory for PDF output out of 51595 (max. 10000000)

